Performing C SOURCE FILE Test CMAKE_HAVE_LIBC_PTHREAD failed with the following output:
Change Dir: /home/hfut/tansor/CVRM2022/build/CMakeFiles/CMakeTmp

Run Build Command(s):/usr/bin/make -f Makefile cmTC_670c8/fast && /usr/bin/make  -f CMakeFiles/cmTC_670c8.dir/build.make CMakeFiles/cmTC_670c8.dir/build
make[1]: 进入目录“/home/hfut/tansor/CVRM2022/build/CMakeFiles/CMakeTmp”
Building C object CMakeFiles/cmTC_670c8.dir/src.c.o
/usr/bin/cc -DCMAKE_HAVE_LIBC_PTHREAD  -fPIC  -o CMakeFiles/cmTC_670c8.dir/src.c.o -c /home/hfut/tansor/CVRM2022/build/CMakeFiles/CMakeTmp/src.c
Linking C executable cmTC_670c8
/usr/local/cmake/bin/cmake -E cmake_link_script CMakeFiles/cmTC_670c8.dir/link.txt --verbose=1
/usr/bin/cc -fPIC  CMakeFiles/cmTC_670c8.dir/src.c.o -o cmTC_670c8 
CMakeFiles/cmTC_670c8.dir/src.c.o：在函数‘main’中：
src.c:(.text+0x48)：对‘pthread_create’未定义的引用
src.c:(.text+0x50)：对‘pthread_detach’未定义的引用
src.c:(.text+0x58)：对‘pthread_cancel’未定义的引用
src.c:(.text+0x64)：对‘pthread_join’未定义的引用
src.c:(.text+0x74)：对‘pthread_atfork’未定义的引用
collect2: error: ld returned 1 exit status
CMakeFiles/cmTC_670c8.dir/build.make:98: recipe for target 'cmTC_670c8' failed
make[1]: *** [cmTC_670c8] Error 1
make[1]: 离开目录“/home/hfut/tansor/CVRM2022/build/CMakeFiles/CMakeTmp”
Makefile:127: recipe for target 'cmTC_670c8/fast' failed
make: *** [cmTC_670c8/fast] Error 2


Source file was:
#include <pthread.h>

static void* test_func(void* data)
{
  return data;
}

int main(void)
{
  pthread_t thread;
  pthread_create(&thread, NULL, test_func, NULL);
  pthread_detach(thread);
  pthread_cancel(thread);
  pthread_join(thread, NULL);
  pthread_atfork(NULL, NULL, NULL);
  pthread_exit(NULL);

  return 0;
}

Determining if the function pthread_create exists in the pthreads failed with the following output:
Change Dir: /home/hfut/tansor/CVRM2022/build/CMakeFiles/CMakeTmp

Run Build Command(s):/usr/bin/make -f Makefile cmTC_962af/fast && /usr/bin/make  -f CMakeFiles/cmTC_962af.dir/build.make CMakeFiles/cmTC_962af.dir/build
make[1]: 进入目录“/home/hfut/tansor/CVRM2022/build/CMakeFiles/CMakeTmp”
Building C object CMakeFiles/cmTC_962af.dir/CheckFunctionExists.c.o
/usr/bin/cc   -fPIC -DCHECK_FUNCTION_EXISTS=pthread_create -o CMakeFiles/cmTC_962af.dir/CheckFunctionExists.c.o -c /usr/local/cmake/share/cmake-3.23/Modules/CheckFunctionExists.c
Linking C executable cmTC_962af
/usr/local/cmake/bin/cmake -E cmake_link_script CMakeFiles/cmTC_962af.dir/link.txt --verbose=1
/usr/bin/cc -fPIC -DCHECK_FUNCTION_EXISTS=pthread_create CMakeFiles/cmTC_962af.dir/CheckFunctionExists.c.o -o cmTC_962af  -lpthreads 
/usr/bin/ld: 找不到 -lpthreads
collect2: error: ld returned 1 exit status
CMakeFiles/cmTC_962af.dir/build.make:98: recipe for target 'cmTC_962af' failed
make[1]: *** [cmTC_962af] Error 1
make[1]: 离开目录“/home/hfut/tansor/CVRM2022/build/CMakeFiles/CMakeTmp”
Makefile:127: recipe for target 'cmTC_962af/fast' failed
make: *** [cmTC_962af/fast] Error 2



Determining if the function sgemm_ exists failed with the following output:
Change Dir: /home/hfut/tansor/CVRM2022/build/CMakeFiles/CMakeTmp

Run Build Command(s):/usr/bin/make -f Makefile cmTC_7c9c7/fast && /usr/bin/make  -f CMakeFiles/cmTC_7c9c7.dir/build.make CMakeFiles/cmTC_7c9c7.dir/build
make[1]: 进入目录“/home/hfut/tansor/CVRM2022/build/CMakeFiles/CMakeTmp”
Building C object CMakeFiles/cmTC_7c9c7.dir/CheckFunctionExists.c.o
/usr/bin/cc   -DCHECK_FUNCTION_EXISTS=sgemm_ -o CMakeFiles/cmTC_7c9c7.dir/CheckFunctionExists.c.o -c /usr/local/cmake/share/cmake-3.23/Modules/CheckFunctionExists.c
Linking C executable cmTC_7c9c7
/usr/local/cmake/bin/cmake -E cmake_link_script CMakeFiles/cmTC_7c9c7.dir/link.txt --verbose=1
/usr/bin/cc  -DCHECK_FUNCTION_EXISTS=sgemm_ CMakeFiles/cmTC_7c9c7.dir/CheckFunctionExists.c.o -o cmTC_7c9c7 
CMakeFiles/cmTC_7c9c7.dir/CheckFunctionExists.c.o：在函数‘main’中：
CheckFunctionExists.c:(.text+0x10)：对‘sgemm_’未定义的引用
collect2: error: ld returned 1 exit status
CMakeFiles/cmTC_7c9c7.dir/build.make:98: recipe for target 'cmTC_7c9c7' failed
make[1]: *** [cmTC_7c9c7] Error 1
make[1]: 离开目录“/home/hfut/tansor/CVRM2022/build/CMakeFiles/CMakeTmp”
Makefile:127: recipe for target 'cmTC_7c9c7/fast' failed
make: *** [cmTC_7c9c7/fast] Error 2



Determining if the function cheev_ exists failed with the following output:
Change Dir: /home/hfut/tansor/CVRM2022/build/CMakeFiles/CMakeTmp

Run Build Command(s):/usr/bin/make -f Makefile cmTC_e2d8c/fast && /usr/bin/make  -f CMakeFiles/cmTC_e2d8c.dir/build.make CMakeFiles/cmTC_e2d8c.dir/build
make[1]: 进入目录“/home/hfut/tansor/CVRM2022/build/CMakeFiles/CMakeTmp”
Building C object CMakeFiles/cmTC_e2d8c.dir/CheckFunctionExists.c.o
/usr/bin/cc   -DCHECK_FUNCTION_EXISTS=cheev_ -o CMakeFiles/cmTC_e2d8c.dir/CheckFunctionExists.c.o -c /usr/local/cmake/share/cmake-3.23/Modules/CheckFunctionExists.c
Linking C executable cmTC_e2d8c
/usr/local/cmake/bin/cmake -E cmake_link_script CMakeFiles/cmTC_e2d8c.dir/link.txt --verbose=1
/usr/bin/cc  -DCHECK_FUNCTION_EXISTS=cheev_ CMakeFiles/cmTC_e2d8c.dir/CheckFunctionExists.c.o -o cmTC_e2d8c  /usr/lib/aarch64-linux-gnu/libblas.so /usr/lib/aarch64-linux-gnu/libf77blas.so /usr/lib/aarch64-linux-gnu/libatlas.so -lpthread -lm -ldl 
CMakeFiles/cmTC_e2d8c.dir/CheckFunctionExists.c.o：在函数‘main’中：
CheckFunctionExists.c:(.text+0x10)：对‘cheev_’未定义的引用
collect2: error: ld returned 1 exit status
CMakeFiles/cmTC_e2d8c.dir/build.make:101: recipe for target 'cmTC_e2d8c' failed
make[1]: *** [cmTC_e2d8c] Error 1
make[1]: 离开目录“/home/hfut/tansor/CVRM2022/build/CMakeFiles/CMakeTmp”
Makefile:127: recipe for target 'cmTC_e2d8c/fast' failed
make: *** [cmTC_e2d8c/fast] Error 2



Determining if the function cheev_ exists failed with the following output:
Change Dir: /home/hfut/tansor/CVRM2022/build/CMakeFiles/CMakeTmp

Run Build Command(s):/usr/bin/make -f Makefile cmTC_d8def/fast && /usr/bin/make  -f CMakeFiles/cmTC_d8def.dir/build.make CMakeFiles/cmTC_d8def.dir/build
make[1]: 进入目录“/home/hfut/tansor/CVRM2022/build/CMakeFiles/CMakeTmp”
Building C object CMakeFiles/cmTC_d8def.dir/CheckFunctionExists.c.o
/usr/bin/cc   -DCHECK_FUNCTION_EXISTS=cheev_ -o CMakeFiles/cmTC_d8def.dir/CheckFunctionExists.c.o -c /usr/local/cmake/share/cmake-3.23/Modules/CheckFunctionExists.c
Linking C executable cmTC_d8def
/usr/local/cmake/bin/cmake -E cmake_link_script CMakeFiles/cmTC_d8def.dir/link.txt --verbose=1
/usr/bin/cc  -DCHECK_FUNCTION_EXISTS=cheev_ CMakeFiles/cmTC_d8def.dir/CheckFunctionExists.c.o -o cmTC_d8def  /usr/lib/aarch64-linux-gnu/liblapack.so /usr/lib/aarch64-linux-gnu/libblas.so /usr/lib/aarch64-linux-gnu/libf77blas.so /usr/lib/aarch64-linux-gnu/libatlas.so -fortranlibs 
cc: error: unrecognized command-line option ‘-fortranlibs’
CMakeFiles/cmTC_d8def.dir/build.make:102: recipe for target 'cmTC_d8def' failed
make[1]: *** [cmTC_d8def] Error 1
make[1]: 离开目录“/home/hfut/tansor/CVRM2022/build/CMakeFiles/CMakeTmp”
Makefile:127: recipe for target 'cmTC_d8def/fast' failed
make: *** [cmTC_d8def/fast] Error 2



